<?xml version="1.0" encoding="UTF-8"?>
<!-- Generated by org.testng.reporters.JUnitReportReporter -->
<testsuite hostname="DESKTOP-J845G5T" failures="0" tests="1" name="com.automation.selenium.orangehr.tests.TC_OrangeHRM_AdminModule_Organization_GeneralInformation_01" time="1.763" errors="0" timestamp="26 Oct 2020 12:31:22 GMT">
  <testcase classname="com.automation.selenium.orangehr.tests.TC_OrangeHRM_AdminModule_Organization_GeneralInformation_01" name="GeneralInformationValidation" time="1.763"/>
</testsuite> <!-- com.automation.selenium.orangehr.tests.TC_OrangeHRM_AdminModule_Organization_GeneralInformation_01 -->
