<?xml version="1.0" encoding="UTF-8"?>
<!-- Generated by org.testng.reporters.JUnitReportReporter -->
<testsuite hostname="DESKTOP-J845G5T" failures="0" tests="1" name="com.automation.selenium.orangehr.tests.TC_OrangeHRM_Admin_01" time="6.401" errors="0" timestamp="24 Oct 2020 20:16:49 GMT">
  <testcase classname="com.automation.selenium.orangehr.tests.TC_OrangeHRM_Admin_01" name="loginTest" time="6.401"/>
</testsuite> <!-- com.automation.selenium.orangehr.tests.TC_OrangeHRM_Admin_01 -->
